# JRE version: OpenJDK Runtime Environment Temurin-17.0.13+11 (17.0.13+11) (build 17.0.13+11)
# Java VM: OpenJDK 64-Bit Server VM Temurin-17.0.13+11 (17.0.13+11, mixed mode, tiered, compressed oops, compressed class ptrs, parallel gc, windows-amd64)
GC Precious Log:
 CPUs: 20 total, 20 available
 Memory: 32538M
 Large Page Support: Disabled
 NUMA Support: Disabled
 Compressed Oops: Enabled (32-bit)
 Alignments: Space 512K, Generation 512K, Heap 2M
 Heap Min Capacity: 100M
 Heap Initial Capacity: 100M
 Heap Max Capacity: 1G
 Pre-touch: Disabled
 Parallel Workers: 15
Heap:
 PSYoungGen      total 2048K, used 2048K [0x00000000eab00000, 0x00000000eaf80000, 0x0000000100000000)
  eden space 1024K, 100% used [0x00000000eab00000,0x00000000eac00000,0x00000000eac00000)
  from space 1024K, 100% used [0x00000000eac00000,0x00000000ead00000,0x00000000ead00000)
  to   space 1536K, 0% used [0x00000000eae00000,0x00000000eae00000,0x00000000eaf80000)
 ParOldGen       total 258560K, used 257530K [0x00000000c0000000, 0x00000000cfc80000, 0x00000000eab00000)
  object space 258560K, 99% used [0x00000000c0000000,0x00000000cfb7ea38,0x00000000cfc80000)
 Metaspace       used 93135K, committed 94528K, reserved 1179648K
  class space    used 9330K, committed 9984K, reserved 1048576K
GC Heap History (20 events):
Event: 5207.570 GC heap after
{Heap after GC invocations=870 (full 11):
 PSYoungGen      total 4608K, used 1600K [0x00000000eab00000, 0x00000000eb200000, 0x0000000100000000)
  eden space 2560K, 0% used [0x00000000eab00000,0x00000000eab00000,0x00000000ead80000)
  from space 2048K, 78% used [0x00000000eb000000,0x00000000eb190000,0x00000000eb200000)
  to   space 2048K, 0% used [0x00000000eae00000,0x00000000eae00000,0x00000000eb000000)
 ParOldGen       total 258560K, used 252480K [0x00000000c0000000, 0x00000000cfc80000, 0x00000000eab00000)
  object space 258560K, 97% used [0x00000000c0000000,0x00000000cf6900c8,0x00000000cfc80000)
 Metaspace       used 93131K, committed 94528K, reserved 1179648K
  class space    used 9330K, committed 9984K, reserved 1048576K
}
Event: 5207.614 GC heap before
{Heap before GC invocations=871 (full 11):
 PSYoungGen      total 4608K, used 4159K [0x00000000eab00000, 0x00000000eb200000, 0x0000000100000000)
  eden space 2560K, 99% used [0x00000000eab00000,0x00000000ead7fff0,0x00000000ead80000)
  from space 2048K, 78% used [0x00000000eb000000,0x00000000eb190000,0x00000000eb200000)
  to   space 2048K, 0% used [0x00000000eae00000,0x00000000eae00000,0x00000000eb000000)
 ParOldGen       total 258560K, used 252480K [0x00000000c0000000, 0x00000000cfc80000, 0x00000000eab00000)
  object space 258560K, 97% used [0x00000000c0000000,0x00000000cf6900c8,0x00000000cfc80000)
 Metaspace       used 93131K, committed 94528K, reserved 1179648K
  class space    used 9330K, committed 9984K, reserved 1048576K
}
Event: 5207.617 GC heap after
{Heap after GC invocations=871 (full 11):
 PSYoungGen      total 4608K, used 1072K [0x00000000eab00000, 0x00000000eb100000, 0x0000000100000000)
  eden space 3072K, 0% used [0x00000000eab00000,0x00000000eab00000,0x00000000eae00000)
  from space 1536K, 69% used [0x00000000eae00000,0x00000000eaf0c098,0x00000000eaf80000)
  to   space 1536K, 0% used [0x00000000eaf80000,0x00000000eaf80000,0x00000000eb100000)
 ParOldGen       total 258560K, used 253856K [0x00000000c0000000, 0x00000000cfc80000, 0x00000000eab00000)
  object space 258560K, 98% used [0x00000000c0000000,0x00000000cf7e80c8,0x00000000cfc80000)
 Metaspace       used 93131K, committed 94528K, reserved 1179648K
  class space    used 9330K, committed 9984K, reserved 1048576K
}
Event: 5207.623 GC heap before
{Heap before GC invocations=872 (full 11):
 PSYoungGen      total 4608K, used 4144K [0x00000000eab00000, 0x00000000eb100000, 0x0000000100000000)
  eden space 3072K, 100% used [0x00000000eab00000,0x00000000eae00000,0x00000000eae00000)
  from space 1536K, 69% used [0x00000000eae00000,0x00000000eaf0c098,0x00000000eaf80000)
  to   space 1536K, 0% used [0x00000000eaf80000,0x00000000eaf80000,0x00000000eb100000)
 ParOldGen       total 258560K, used 253856K [0x00000000c0000000, 0x00000000cfc80000, 0x00000000eab00000)
  object space 258560K, 98% used [0x00000000c0000000,0x00000000cf7e80c8,0x00000000cfc80000)
 Metaspace       used 93131K, committed 94528K, reserved 1179648K
  class space    used 9330K, committed 9984K, reserved 1048576K
}
Event: 5207.623 GC heap after
{Heap after GC invocations=872 (full 11):
 PSYoungGen      total 4096K, used 1488K [0x00000000eab00000, 0x00000000eb300000, 0x0000000100000000)
  eden space 2560K, 0% used [0x00000000eab00000,0x00000000eab00000,0x00000000ead80000)
  from space 1536K, 96% used [0x00000000eaf80000,0x00000000eb0f4230,0x00000000eb100000)
  to   space 2048K, 0% used [0x00000000ead80000,0x00000000ead80000,0x00000000eaf80000)
 ParOldGen       total 258560K, used 254338K [0x00000000c0000000, 0x00000000cfc80000, 0x00000000eab00000)
  object space 258560K, 98% used [0x00000000c0000000,0x00000000cf860b60,0x00000000cfc80000)
 Metaspace       used 93131K, committed 94528K, reserved 1179648K
  class space    used 9330K, committed 9984K, reserved 1048576K
}
Event: 5207.728 GC heap before
{Heap before GC invocations=873 (full 11):
 PSYoungGen      total 4096K, used 4048K [0x00000000eab00000, 0x00000000eb300000, 0x0000000100000000)
  eden space 2560K, 100% used [0x00000000eab00000,0x00000000ead80000,0x00000000ead80000)
  from space 1536K, 96% used [0x00000000eaf80000,0x00000000eb0f4230,0x00000000eb100000)
  to   space 2048K, 0% used [0x00000000ead80000,0x00000000ead80000,0x00000000eaf80000)
 ParOldGen       total 258560K, used 254338K [0x00000000c0000000, 0x00000000cfc80000, 0x00000000eab00000)
  object space 258560K, 98% used [0x00000000c0000000,0x00000000cf860b60,0x00000000cfc80000)
 Metaspace       used 93132K, committed 94528K, reserved 1179648K
  class space    used 9330K, committed 9984K, reserved 1048576K
}
Event: 5207.729 GC heap after
{Heap after GC invocations=873 (full 11):
 PSYoungGen      total 3072K, used 480K [0x00000000eab00000, 0x00000000eb000000, 0x0000000100000000)
  eden space 2560K, 0% used [0x00000000eab00000,0x00000000eab00000,0x00000000ead80000)
  from space 512K, 93% used [0x00000000ead80000,0x00000000eadf8000,0x00000000eae00000)
  to   space 1024K, 0% used [0x00000000eaf00000,0x00000000eaf00000,0x00000000eb000000)
 ParOldGen       total 258560K, used 254482K [0x00000000c0000000, 0x00000000cfc80000, 0x00000000eab00000)
  object space 258560K, 98% used [0x00000000c0000000,0x00000000cf884b60,0x00000000cfc80000)
 Metaspace       used 93132K, committed 94528K, reserved 1179648K
  class space    used 9330K, committed 9984K, reserved 1048576K
}
Event: 5207.965 GC heap before
{Heap before GC invocations=874 (full 11):
 PSYoungGen      total 3072K, used 3010K [0x00000000eab00000, 0x00000000eb000000, 0x0000000100000000)
  eden space 2560K, 98% used [0x00000000eab00000,0x00000000ead78b58,0x00000000ead80000)
  from space 512K, 93% used [0x00000000ead80000,0x00000000eadf8000,0x00000000eae00000)
  to   space 1024K, 0% used [0x00000000eaf00000,0x00000000eaf00000,0x00000000eb000000)
 ParOldGen       total 258560K, used 254482K [0x00000000c0000000, 0x00000000cfc80000, 0x00000000eab00000)
  object space 258560K, 98% used [0x00000000c0000000,0x00000000cf884b60,0x00000000cfc80000)
 Metaspace       used 93132K, committed 94528K, reserved 1179648K
  class space    used 9330K, committed 9984K, reserved 1048576K
}
Event: 5207.967 GC heap after
{Heap after GC invocations=874 (full 11):
 PSYoungGen      total 3072K, used 480K [0x00000000eab00000, 0x00000000eaf80000, 0x0000000100000000)
  eden space 2560K, 0% used [0x00000000eab00000,0x00000000eab00000,0x00000000ead80000)
  from space 512K, 93% used [0x00000000eaf00000,0x00000000eaf78010,0x00000000eaf80000)
  to   space 1024K, 0% used [0x00000000ead80000,0x00000000ead80000,0x00000000eae80000)
 ParOldGen       total 258560K, used 254586K [0x00000000c0000000, 0x00000000cfc80000, 0x00000000eab00000)
  object space 258560K, 98% used [0x00000000c0000000,0x00000000cf89eb60,0x00000000cfc80000)
 Metaspace       used 93132K, committed 94528K, reserved 1179648K
  class space    used 9330K, committed 9984K, reserved 1048576K
}
Event: 5208.205 GC heap before
{Heap before GC invocations=875 (full 11):
 PSYoungGen      total 3072K, used 3040K [0x00000000eab00000, 0x00000000eaf80000, 0x0000000100000000)
  eden space 2560K, 100% used [0x00000000eab00000,0x00000000ead80000,0x00000000ead80000)
  from space 512K, 93% used [0x00000000eaf00000,0x00000000eaf78010,0x00000000eaf80000)
  to   space 1024K, 0% used [0x00000000ead80000,0x00000000ead80000,0x00000000eae80000)
 ParOldGen       total 258560K, used 254586K [0x00000000c0000000, 0x00000000cfc80000, 0x00000000eab00000)
  object space 258560K, 98% used [0x00000000c0000000,0x00000000cf89eb60,0x00000000cfc80000)
 Metaspace       used 93133K, committed 94528K, reserved 1179648K
  class space    used 9330K, committed 9984K, reserved 1048576K
}
Event: 5208.206 GC heap after
{Heap after GC invocations=875 (full 11):
 PSYoungGen      total 3584K, used 608K [0x00000000eab00000, 0x00000000eaf80000, 0x0000000100000000)
  eden space 2560K, 0% used [0x00000000eab00000,0x00000000eab00000,0x00000000ead80000)
  from space 1024K, 59% used [0x00000000ead80000,0x00000000eae18020,0x00000000eae80000)
  to   space 1024K, 0% used [0x00000000eae80000,0x00000000eae80000,0x00000000eaf80000)
 ParOldGen       total 258560K, used 254594K [0x00000000c0000000, 0x00000000cfc80000, 0x00000000eab00000)
  object space 258560K, 98% used [0x00000000c0000000,0x00000000cf8a0b60,0x00000000cfc80000)
 Metaspace       used 93133K, committed 94528K, reserved 1179648K
  class space    used 9330K, committed 9984K, reserved 1048576K
}
Event: 5208.612 GC heap before
{Heap before GC invocations=876 (full 11):
 PSYoungGen      total 3584K, used 3168K [0x00000000eab00000, 0x00000000eaf80000, 0x0000000100000000)
  eden space 2560K, 100% used [0x00000000eab00000,0x00000000ead80000,0x00000000ead80000)
  from space 1024K, 59% used [0x00000000ead80000,0x00000000eae18020,0x00000000eae80000)
  to   space 1024K, 0% used [0x00000000eae80000,0x00000000eae80000,0x00000000eaf80000)
 ParOldGen       total 258560K, used 254594K [0x00000000c0000000, 0x00000000cfc80000, 0x00000000eab00000)
  object space 258560K, 98% used [0x00000000c0000000,0x00000000cf8a0b60,0x00000000cfc80000)
 Metaspace       used 93133K, committed 94528K, reserved 1179648K
  class space    used 9330K, committed 9984K, reserved 1048576K
}
Event: 5208.612 GC heap after
{Heap after GC invocations=876 (full 11):
 PSYoungGen      total 3584K, used 768K [0x00000000eab00000, 0x00000000eaf80000, 0x0000000100000000)
  eden space 2560K, 0% used [0x00000000eab00000,0x00000000eab00000,0x00000000ead80000)
  from space 1024K, 75% used [0x00000000eae80000,0x00000000eaf40000,0x00000000eaf80000)
  to   space 1024K, 0% used [0x00000000ead80000,0x00000000ead80000,0x00000000eae80000)
 ParOldGen       total 258560K, used 254925K [0x00000000c0000000, 0x00000000cfc80000, 0x00000000eab00000)
  object space 258560K, 98% used [0x00000000c0000000,0x00000000cf8f34a0,0x00000000cfc80000)
 Metaspace       used 93133K, committed 94528K, reserved 1179648K
  class space    used 9330K, committed 9984K, reserved 1048576K
}
Event: 5209.172 GC heap before
{Heap before GC invocations=877 (full 11):
 PSYoungGen      total 3584K, used 3328K [0x00000000eab00000, 0x00000000eaf80000, 0x0000000100000000)
  eden space 2560K, 100% used [0x00000000eab00000,0x00000000ead80000,0x00000000ead80000)
  from space 1024K, 75% used [0x00000000eae80000,0x00000000eaf40000,0x00000000eaf80000)
  to   space 1024K, 0% used [0x00000000ead80000,0x00000000ead80000,0x00000000eae80000)
 ParOldGen       total 258560K, used 254925K [0x00000000c0000000, 0x00000000cfc80000, 0x00000000eab00000)
  object space 258560K, 98% used [0x00000000c0000000,0x00000000cf8f34a0,0x00000000cfc80000)
 Metaspace       used 93135K, committed 94528K, reserved 1179648K
  class space    used 9330K, committed 9984K, reserved 1048576K
}
Event: 5209.173 GC heap after
{Heap after GC invocations=877 (full 11):
 PSYoungGen      total 3584K, used 480K [0x00000000eab00000, 0x00000000eaf80000, 0x0000000100000000)
  eden space 2560K, 0% used [0x00000000eab00000,0x00000000eab00000,0x00000000ead80000)
  from space 1024K, 46% used [0x00000000ead80000,0x00000000eadf8000,0x00000000eae80000)
  to   space 1024K, 0% used [0x00000000eae80000,0x00000000eae80000,0x00000000eaf80000)
 ParOldGen       total 258560K, used 255157K [0x00000000c0000000, 0x00000000cfc80000, 0x00000000eab00000)
  object space 258560K, 98% used [0x00000000c0000000,0x00000000cf92d4a0,0x00000000cfc80000)
 Metaspace       used 93135K, committed 94528K, reserved 1179648K
  class space    used 9330K, committed 9984K, reserved 1048576K
}
Event: 5209.177 GC heap before
{Heap before GC invocations=878 (full 11):
 PSYoungGen      total 3584K, used 3040K [0x00000000eab00000, 0x00000000eaf80000, 0x0000000100000000)
  eden space 2560K, 100% used [0x00000000eab00000,0x00000000ead80000,0x00000000ead80000)
  from space 1024K, 46% used [0x00000000ead80000,0x00000000eadf8000,0x00000000eae80000)
  to   space 1024K, 0% used [0x00000000eae80000,0x00000000eae80000,0x00000000eaf80000)
 ParOldGen       total 258560K, used 255157K [0x00000000c0000000, 0x00000000cfc80000, 0x00000000eab00000)
  object space 258560K, 98% used [0x00000000c0000000,0x00000000cf92d4a0,0x00000000cfc80000)
 Metaspace       used 93135K, committed 94528K, reserved 1179648K
  class space    used 9330K, committed 9984K, reserved 1048576K
}
Event: 5209.178 GC heap after
{Heap after GC invocations=878 (full 11):
 PSYoungGen      total 2048K, used 1006K [0x00000000eab00000, 0x00000000eb280000, 0x0000000100000000)
  eden space 1024K, 0% used [0x00000000eab00000,0x00000000eab00000,0x00000000eac00000)
  from space 1024K, 98% used [0x00000000eae80000,0x00000000eaf7b910,0x00000000eaf80000)
  to   space 2560K, 0% used [0x00000000eac00000,0x00000000eac00000,0x00000000eae80000)
 ParOldGen       total 258560K, used 256141K [0x00000000c0000000, 0x00000000cfc80000, 0x00000000eab00000)
  object space 258560K, 99% used [0x00000000c0000000,0x00000000cfa234a0,0x00000000cfc80000)
 Metaspace       used 93135K, committed 94528K, reserved 1179648K
  class space    used 9330K, committed 9984K, reserved 1048576K
}
Event: 5209.179 GC heap before
{Heap before GC invocations=879 (full 11):
 PSYoungGen      total 2048K, used 2030K [0x00000000eab00000, 0x00000000eb280000, 0x0000000100000000)
  eden space 1024K, 100% used [0x00000000eab00000,0x00000000eac00000,0x00000000eac00000)
  from space 1024K, 98% used [0x00000000eae80000,0x00000000eaf7b910,0x00000000eaf80000)
  to   space 2560K, 0% used [0x00000000eac00000,0x00000000eac00000,0x00000000eae80000)
 ParOldGen       total 258560K, used 256141K [0x00000000c0000000, 0x00000000cfc80000, 0x00000000eab00000)
  object space 258560K, 99% used [0x00000000c0000000,0x00000000cfa234a0,0x00000000cfc80000)
 Metaspace       used 93135K, committed 94528K, reserved 1179648K
  class space    used 9330K, committed 9984K, reserved 1048576K
}
Event: 5209.180 GC heap after
{Heap after GC invocations=879 (full 11):
 PSYoungGen      total 2048K, used 1024K [0x00000000eab00000, 0x00000000eaf80000, 0x0000000100000000)
  eden space 1024K, 0% used [0x00000000eab00000,0x00000000eab00000,0x00000000eac00000)
  from space 1024K, 100% used [0x00000000eac00000,0x00000000ead00000,0x00000000ead00000)
  to   space 1536K, 0% used [0x00000000eae00000,0x00000000eae00000,0x00000000eaf80000)
 ParOldGen       total 258560K, used 257530K [0x00000000c0000000, 0x00000000cfc80000, 0x00000000eab00000)
  object space 258560K, 99% used [0x00000000c0000000,0x00000000cfb7ea38,0x00000000cfc80000)
 Metaspace       used 93135K, committed 94528K, reserved 1179648K
  class space    used 9330K, committed 9984K, reserved 1048576K
}
Event: 5209.181 GC heap before
{Heap before GC invocations=880 (full 12):
 PSYoungGen      total 2048K, used 2048K [0x00000000eab00000, 0x00000000eaf80000, 0x0000000100000000)
  eden space 1024K, 100% used [0x00000000eab00000,0x00000000eac00000,0x00000000eac00000)
  from space 1024K, 100% used [0x00000000eac00000,0x00000000ead00000,0x00000000ead00000)
  to   space 1536K, 0% used [0x00000000eae00000,0x00000000eae00000,0x00000000eaf80000)
 ParOldGen       total 258560K, used 257530K [0x00000000c0000000, 0x00000000cfc80000, 0x00000000eab00000)
  object space 258560K, 99% used [0x00000000c0000000,0x00000000cfb7ea38,0x00000000cfc80000)
 Metaspace       used 93135K, committed 94528K, reserved 1179648K
  class space    used 9330K, committed 9984K, reserved 1048576K
}

